--- Startup times for process: Primary (or UI client) ---

times in msec
 clock   self+sourced   self:  sourced script
 clock   elapsed:              other lines

000.001  000.001: --- NVIM STARTING ---
000.145  000.145: event init
000.241  000.096: early init
000.281  000.040: locale set
000.325  000.044: init first window
000.611  000.286: inits 1
000.617  000.006: window checked
000.619  000.002: parsing arguments
001.013  000.041  000.041: require('vim._core.shared')
001.080  000.002  000.002: require('string.buffer')
001.107  000.047  000.044: require('vim.inspect')
001.150  000.037  000.037: require('vim._core.options')
001.152  000.137  000.053: require('vim._core.editor')
001.185  000.032  000.032: require('vim._core.system')
001.186  000.231  000.021: require('vim._init_packages')
001.187  000.336: init lua interpreter
002.051  000.864: nvim_ui_attach
002.345  000.295: nvim_set_client_info
002.347  000.002: --- NVIM STARTED ---

--- Startup times for process: Embedded ---

times in msec
 clock   self+sourced   self:  sourced script
 clock   elapsed:              other lines

000.000  000.000: --- NVIM STARTING ---
000.088  000.088: event init
000.137  000.050: early init
000.160  000.023: locale set
000.188  000.028: init first window
000.437  000.249: inits 1
000.444  000.006: window checked
000.445  000.001: parsing arguments
000.838  000.040  000.040: require('vim._core.shared')
000.912  000.002  000.002: require('string.buffer')
000.938  000.045  000.043: require('vim.inspect')
000.981  000.036  000.036: require('vim._core.options')
000.982  000.142  000.060: require('vim._core.editor')
001.014  000.031  000.031: require('vim._core.system')
001.015  000.232  000.019: require('vim._init_packages')
001.016  000.339: init lua interpreter
001.063  000.046: expanding arguments
001.080  000.017: inits 2
001.284  000.204: init highlight
001.285  000.001: waiting for UI
001.397  000.112: done waiting for UI
001.401  000.005: clear screen
001.507  000.007  000.007: require('vim.keymap')
002.238  000.151  000.151: sourcing nvim_exec2()
002.277  000.013  000.013: require('vim._core.log')
005.465  004.062  003.891: require('vim._core.defaults')
005.468  000.004: init default mappings & autocommands
005.908  000.052  000.052: sourcing /usr/share/nvim/runtime/ftplugin.vim
005.961  000.020  000.020: sourcing /usr/share/nvim/runtime/indent.vim
006.051  000.054  000.054: sourcing /usr/share/nvim/archlinux.lua
006.055  000.075  000.021: sourcing /etc/xdg/nvim/sysinit.vim
006.522  000.371  000.371: require('configs.lazy')
006.647  000.122  000.122: require('lazy')
006.666  000.010  000.010: require('ffi')
006.718  000.029  000.029: require('vim.fs')
006.819  000.099  000.099: require('vim.uri')
006.833  000.165  000.038: require('vim.loader')
007.022  000.176  000.176: require('lazy.stats')
007.155  000.113  000.113: require('lazy.core.util')
007.256  000.099  000.099: require('lazy.core.config')
007.462  000.062  000.062: require('lazy.core.handler')
007.753  000.090  000.090: require('lazy.pkg')
007.759  000.190  000.101: require('lazy.core.meta')
007.769  000.305  000.114: require('lazy.core.plugin')
007.775  000.518  000.151: require('lazy.core.loader')
010.124  000.099  000.099: require('lazy.core.fragments')
013.296  000.059  000.059: require('configs.conform')
013.564  000.114  000.114: require('lazy.core.handler.event')
013.621  000.053  000.053: require('lazy.core.handler.cmd')
013.665  000.038  000.038: require('lazy.core.handler.ft')
013.715  000.048  000.048: require('lazy.core.handler.keys')
014.509  000.043  000.043: sourcing nvim_exec2() called at /usr/share/nvim/runtime/filetype.lua:0
014.513  000.101  000.058: sourcing /usr/share/nvim/runtime/filetype.lua
014.517  000.133  000.032: sourcing nvim_exec2() called at /home/configg_/.config/nvim/init.lua:0
014.650  000.002  000.002: sourcing nvim_exec2() called at /home/configg_/.config/nvim/init.lua:0
014.658  000.001  000.001: sourcing nvim_exec2() called at /home/configg_/.config/nvim/init.lua:0
017.234  000.073  000.073: require('chadrc')
017.276  002.361  002.288: require('nvconfig')
017.393  000.108  000.108: require('nvchad.stl.utils')
017.530  000.127  000.127: require('nvchad.tabufline.lazyload')
017.537  002.876  000.280: require('nvchad')
017.567  000.003  000.003: sourcing nvim_exec2() called at /home/configg_/.config/nvim/init.lua:0
017.573  000.001  000.001: sourcing nvim_exec2() called at /home/configg_/.config/nvim/init.lua:0
017.792  000.078  000.078: sourcing /usr/share/nvim/runtime/plugin/editorconfig.lua
017.801  000.108  000.029: sourcing nvim_exec2() called at /home/configg_/.config/nvim/init.lua:0
017.864  000.042  000.042: sourcing /usr/share/nvim/runtime/plugin/man.lua
017.866  000.060  000.018: sourcing nvim_exec2() called at /home/configg_/.config/nvim/init.lua:0
018.043  000.153  000.153: sourcing /usr/share/nvim/runtime/plugin/matchparen.vim
018.046  000.175  000.023: sourcing nvim_exec2() called at /home/configg_/.config/nvim/init.lua:0
018.146  000.075  000.075: sourcing /usr/share/nvim/runtime/plugin/net.lua
018.149  000.098  000.023: sourcing nvim_exec2() called at /home/configg_/.config/nvim/init.lua:0
018.214  000.044  000.044: sourcing /usr/share/nvim/runtime/plugin/osc52.lua
018.217  000.064  000.020: sourcing nvim_exec2() called at /home/configg_/.config/nvim/init.lua:0
018.343  000.079  000.079: sourcing /usr/share/nvim/runtime/plugin/shada.lua
018.346  000.125  000.046: sourcing nvim_exec2() called at /home/configg_/.config/nvim/init.lua:0
018.414  000.034  000.034: sourcing /usr/share/nvim/runtime/plugin/spellfile.lua
018.416  000.066  000.032: sourcing nvim_exec2() called at /home/configg_/.config/nvim/init.lua:0
019.224  000.281  000.281: require('nvchad.options')
019.227  000.372  000.091: require('options')
019.319  000.051  000.051: require('nvchad.autocmds')
019.320  000.092  000.041: require('autocmds')
019.323  013.245  007.084: sourcing /home/configg_/.config/nvim/init.lua
019.328  000.468: sourcing vimrc file(s)
019.453  000.076  000.076: sourcing /usr/share/nvim/runtime/filetype.lua
019.593  000.057  000.057: sourcing /usr/share/nvim/runtime/syntax/synload.vim
019.671  000.183  000.126: sourcing /usr/share/nvim/runtime/syntax/syntax.vim
019.682  000.094: inits 3
021.154  001.471: reading ShaDa
021.251  000.097: opening buffers
021.271  000.020: BufEnter autocommands
021.274  000.003: editing files in windows
021.302  000.027: VimEnter autocommands
021.397  000.095: UIEnter autocommands
025.564  000.133  000.133: require('vim.version')
025.654  004.194  004.062: sourcing /usr/share/nvim/runtime/autoload/provider/clipboard.vim
025.667  000.077: before starting main loop
025.988  000.134  000.134: require('nvchad.stl.default')
026.086  000.285: first screen update
026.088  000.001: --- NVIM STARTED ---

